
GET -- /api/blog/detail?id=11 -- Mozilla/5.0 (Windows NT 10.0; Win64; x64) AppleWebKit/537.36 (KHTML, like Gecko) Chrome/95.0.4638.69 Safari/537.36 -- Tue Nov 09 2021 17:20:41 GMT+0800 (中国标准时间)
GET -- /api/blog/detail?id=11 -- Mozilla/5.0 (Windows NT 10.0; Win64; x64) AppleWebKit/537.36 (KHTML, like Gecko) Chrome/95.0.4638.69 Safari/537.36 -- Wed Nov 10 2021 15:55:11 GMT+0800 (中国标准时间)
GET -- / -- Mozilla/5.0 (Windows NT 10.0; Win64; x64) AppleWebKit/537.36 (KHTML, like Gecko) Chrome/95.0.4638.69 Safari/537.36 -- Mon Nov 15 2021 16:45:45 GMT+0800 (中国标准时间)
GET -- /favicon.ico -- Mozilla/5.0 (Windows NT 10.0; Win64; x64) AppleWebKit/537.36 (KHTML, like Gecko) Chrome/95.0.4638.69 Safari/537.36 -- Mon Nov 15 2021 16:45:46 GMT+0800 (中国标准时间)
GET -- /api/login -- Mozilla/5.0 (Windows NT 10.0; Win64; x64) AppleWebKit/537.36 (KHTML, like Gecko) Chrome/95.0.4638.69 Safari/537.36 -- Mon Nov 15 2021 16:45:56 GMT+0800 (中国标准时间)
GET -- /api/blog/list -- Mozilla/5.0 (Windows NT 10.0; Win64; x64) AppleWebKit/537.36 (KHTML, like Gecko) Chrome/95.0.4638.69 Safari/537.36 -- Mon Nov 15 2021 16:46:07 GMT+0800 (中国标准时间)
POST -- /api/user/login -- PostmanRuntime/7.28.3 -- Mon Nov 15 2021 16:46:59 GMT+0800 (中国标准时间)
POST -- /api/user/login -- PostmanRuntime/7.28.3 -- Mon Nov 15 2021 16:48:19 GMT+0800 (中国标准时间)
GET -- / -- Mozilla/5.0 (Windows NT 10.0; Win64; x64) AppleWebKit/537.36 (KHTML, like Gecko) Chrome/95.0.4638.69 Safari/537.36 -- Wed Dec 08 2021 15:07:56 GMT+0800 (中国标准时间)
GET -- /favicon.ico -- Mozilla/5.0 (Windows NT 10.0; Win64; x64) AppleWebKit/537.36 (KHTML, like Gecko) Chrome/95.0.4638.69 Safari/537.36 -- Wed Dec 08 2021 15:07:56 GMT+0800 (中国标准时间)
GET -- /api/blog/list -- Mozilla/5.0 (Windows NT 10.0; Win64; x64) AppleWebKit/537.36 (KHTML, like Gecko) Chrome/95.0.4638.69 Safari/537.36 -- Wed Dec 08 2021 15:08:13 GMT+0800 (中国标准时间)
GET -- /api/blog/list -- Mozilla/5.0 (Windows NT 10.0; Win64; x64) AppleWebKit/537.36 (KHTML, like Gecko) Chrome/95.0.4638.69 Safari/537.36 -- Wed Dec 08 2021 15:14:11 GMT+0800 (中国标准时间)
GET -- /api/blog/list -- Mozilla/5.0 (Windows NT 10.0; Win64; x64) AppleWebKit/537.36 (KHTML, like Gecko) Chrome/95.0.4638.69 Safari/537.36 -- Wed Dec 08 2021 15:14:12 GMT+0800 (中国标准时间)
GET -- /api/blog/list -- Mozilla/5.0 (Windows NT 10.0; Win64; x64) AppleWebKit/537.36 (KHTML, like Gecko) Chrome/95.0.4638.69 Safari/537.36 -- Wed Dec 08 2021 15:14:13 GMT+0800 (中国标准时间)
GET -- /api/blog/list -- Mozilla/5.0 (Windows NT 10.0; Win64; x64) AppleWebKit/537.36 (KHTML, like Gecko) Chrome/95.0.4638.69 Safari/537.36 -- Wed Dec 08 2021 15:14:14 GMT+0800 (中国标准时间)
GET -- /api/blog/list -- Mozilla/5.0 (Windows NT 10.0; Win64; x64) AppleWebKit/537.36 (KHTML, like Gecko) Chrome/95.0.4638.69 Safari/537.36 -- Wed Dec 08 2021 15:14:14 GMT+0800 (中国标准时间)
GET -- /api/blog/list -- Mozilla/5.0 (Windows NT 10.0; Win64; x64) AppleWebKit/537.36 (KHTML, like Gecko) Chrome/95.0.4638.69 Safari/537.36 -- Wed Dec 08 2021 15:14:14 GMT+0800 (中国标准时间)
GET -- /api/blog/list -- Mozilla/5.0 (Windows NT 10.0; Win64; x64) AppleWebKit/537.36 (KHTML, like Gecko) Chrome/95.0.4638.69 Safari/537.36 -- Wed Dec 08 2021 15:14:15 GMT+0800 (中国标准时间)
GET -- /api/blog/list/12 -- Mozilla/5.0 (Windows NT 10.0; Win64; x64) AppleWebKit/537.36 (KHTML, like Gecko) Chrome/95.0.4638.69 Safari/537.36 -- Wed Dec 08 2021 15:45:25 GMT+0800 (中国标准时间)
GET -- /api/blog/list/12 -- Mozilla/5.0 (Windows NT 10.0; Win64; x64) AppleWebKit/537.36 (KHTML, like Gecko) Chrome/95.0.4638.69 Safari/537.36 -- Wed Dec 08 2021 15:45:27 GMT+0800 (中国标准时间)
